[debug] [2021-06-18T16:16:24.886Z] ----------------------------------------------------------------------
[debug] [2021-06-18T16:16:24.888Z] Command:       C:\Program Files\nodejs\node.exe C:\Users\pilton\AppData\Roaming\npm\node_modules\firebase-tools\lib\bin\firebase.js init
[debug] [2021-06-18T16:16:24.888Z] CLI Version:   9.2.2
[debug] [2021-06-18T16:16:24.888Z] Platform:      win32
[debug] [2021-06-18T16:16:24.888Z] Node Version:  v12.18.3
[debug] [2021-06-18T16:16:24.890Z] Time:          Fri Jun 18 2021 21:46:24 GMT+0530 (India Standard Time)
[debug] [2021-06-18T16:16:24.890Z] ----------------------------------------------------------------------
[debug] [2021-06-18T16:16:24.890Z] 
[debug] [2021-06-18T16:16:24.894Z] >>> [apiv2][query] GET https://firebase-public.firebaseio.com/cli.json [none]
[debug] [2021-06-18T16:16:24.917Z] > command requires scopes: ["email","openid","https://www.googleapis.com/auth/cloudplatformprojects.readonly","https://www.googleapis.com/auth/firebase","https://www.googleapis.com/auth/cloud-platform"]
[debug] [2021-06-18T16:16:24.918Z] > authorizing via signed-in user
[info] 
     ######## #### ########  ######## ########     ###     ######  ########
     ##        ##  ##     ## ##       ##     ##  ##   ##  ##       ##
     ######    ##  ########  ######   ########  #########  ######  ######
     ##        ##  ##    ##  ##       ##     ## ##     ##       ## ##
     ##       #### ##     ## ######## ########  ##     ##  ######  ########

You're about to initialize a Firebase project in this directory:

  C:\Users\pilton\Desktop\superchat

Before we get started, keep in mind:

  * You are initializing in an existing Firebase project directory

[debug] [2021-06-18T16:16:25.966Z] <<< [apiv2][status] GET https://firebase-public.firebaseio.com/cli.json 200
[debug] [2021-06-18T16:16:25.967Z] <<< [apiv2][body] GET https://firebase-public.firebaseio.com/cli.json {"cloudBuildErrorAfter":1594252800000,"cloudBuildWarnAfter":1590019200000,"defaultNode10After":1594252800000,"minVersion":"3.0.5","node8DeploysDisabledAfter":1613390400000,"node8RuntimeDisabledAfter":1615809600000,"node8WarnAfter":1600128000000}
